<?xml version="1.0" encoding="UTF-8"?>
<!-- Generated by org.testng.reporters.JUnitXMLReporter -->
<testsuite hostname="Hemanth-PC" name="Test" tests="4" failures="0" timestamp="8 Oct 2018 14:35:16 GMT" time="0.038" errors="0">
  <testcase name="firstone" time="0.012" classname="qaclickacademy.FirstTest"/>
  <testcase name="secondone" time="0.0" classname="qaclickacademy.FirstTest"/>
  <testcase name="fiestex" time="0.001" classname="qaclickacademy.SecTest"/>
  <testcase name="sconfis" time="0.0" classname="qaclickacademy.SecTest"/>
</testsuite> <!-- Test -->
